<?xml version="1.0" encoding="UTF-8"?>
<robot generator="Robot 4.0 (Python 3.9.2 on win32)" generated="20210315 13:12:35.503" rpa="false" schemaversion="2">
<suite id="s1" name="Amazon" source="C:\casdev\robot-scripts\amazon\tests\amazon.robot">
<test id="s1-t1" name="User must signe in to check ou">
<kw name="Open Browser" library="SeleniumLibrary">
<arg>http://www.amazon.de</arg>
<arg>ie</arg>
<doc>Opens a new browser instance to the optional ``url``.</doc>
<msg timestamp="20210315 13:12:35.616" level="INFO">Opening browser 'ie' to base url 'http://www.amazon.de'.</msg>
<status status="PASS" starttime="20210315 13:12:35.616" endtime="20210315 13:12:38.074"/>
</kw>
<kw name="Sleep" library="BuiltIn">
<arg>1</arg>
<doc>Pauses the test executed for the given time.</doc>
<msg timestamp="20210315 13:12:39.080" level="INFO">Slept 1 second</msg>
<status status="PASS" starttime="20210315 13:12:38.075" endtime="20210315 13:12:39.080"/>
</kw>
<kw name="Click Image" library="SeleniumLibrary">
<arg>Herrenschuhe</arg>
<doc>Clicks an image identified by ``locator``.</doc>
<msg timestamp="20210315 13:12:39.080" level="INFO">Clicking image 'Herrenschuhe'.</msg>
<status status="PASS" starttime="20210315 13:12:39.080" endtime="20210315 13:12:42.108"/>
</kw>
<kw name="Sleep" library="BuiltIn">
<arg>1</arg>
<doc>Pauses the test executed for the given time.</doc>
<msg timestamp="20210315 13:12:43.114" level="INFO">Slept 1 second</msg>
<status status="PASS" starttime="20210315 13:12:42.109" endtime="20210315 13:12:43.114"/>
</kw>
<kw name="Close Browser" library="SeleniumLibrary">
<doc>Closes the current browser.</doc>
<status status="PASS" starttime="20210315 13:12:43.114" endtime="20210315 13:12:47.386"/>
</kw>
<doc>This is sime basic info about the test</doc>
<tag>Smoke</tag>
<status status="PASS" starttime="20210315 13:12:35.615" endtime="20210315 13:12:47.386"/>
</test>
<test id="s1-t2" name="Should be able to search for produkt">
<kw name="Open Browser" library="SeleniumLibrary">
<arg>http://www.amazon.de</arg>
<arg>chrome</arg>
<doc>Opens a new browser instance to the optional ``url``.</doc>
<msg timestamp="20210315 13:12:47.388" level="INFO">Opening browser 'chrome' to base url 'http://www.amazon.de'.</msg>
<status status="PASS" starttime="20210315 13:12:47.388" endtime="20210315 13:12:50.009"/>
</kw>
<kw name="Sleep" library="BuiltIn">
<arg>2</arg>
<doc>Pauses the test executed for the given time.</doc>
<msg timestamp="20210315 13:12:52.022" level="INFO">Slept 2 seconds</msg>
<status status="PASS" starttime="20210315 13:12:50.010" endtime="20210315 13:12:52.022"/>
</kw>
<kw name="Input Text" library="SeleniumLibrary">
<arg>id=twotabsearchtextbox</arg>
<arg>Ferrari 458</arg>
<doc>Types the given ``text`` into the text field identified by ``locator``.</doc>
<msg timestamp="20210315 13:12:52.022" level="INFO">Typing text 'Ferrari 458' into text field 'id=twotabsearchtextbox'.</msg>
<status status="PASS" starttime="20210315 13:12:52.022" endtime="20210315 13:12:52.080"/>
</kw>
<kw name="Sleep" library="BuiltIn">
<arg>2</arg>
<doc>Pauses the test executed for the given time.</doc>
<msg timestamp="20210315 13:12:54.084" level="INFO">Slept 2 seconds</msg>
<status status="PASS" starttime="20210315 13:12:52.080" endtime="20210315 13:12:54.084"/>
</kw>
<kw name="Click Button" library="SeleniumLibrary">
<arg>id=nav-search-submit-button</arg>
<doc>Clicks the button identified by ``locator``.</doc>
<msg timestamp="20210315 13:12:54.084" level="INFO">Clicking button 'id=nav-search-submit-button'.</msg>
<status status="PASS" starttime="20210315 13:12:54.084" endtime="20210315 13:12:55.280"/>
</kw>
<kw name="Sleep" library="BuiltIn">
<arg>2</arg>
<doc>Pauses the test executed for the given time.</doc>
<msg timestamp="20210315 13:12:57.292" level="INFO">Slept 2 seconds</msg>
<status status="PASS" starttime="20210315 13:12:55.281" endtime="20210315 13:12:57.292"/>
</kw>
<kw name="Click Link" library="SeleniumLibrary">
<arg>xpath=//*[@id="search"]/div[1]/div[2]/div/span[3]/div[2]/div[4]/div/span/div/div/div[2]/div[2]/div/div[1]/div/div/div[1]/h2/a</arg>
<doc>Clicks a link identified by ``locator``.</doc>
<msg timestamp="20210315 13:12:57.292" level="INFO">Clicking link 'xpath=//*[@id="search"]/div[1]/div[2]/div/span[3]/div[2]/div[4]/div/span/div/div/div[2]/div[2]/div/div[1]/div/div/div[1]/h2/a'.</msg>
<status status="PASS" starttime="20210315 13:12:57.292" endtime="20210315 13:12:59.369"/>
</kw>
<kw name="Close Browser" library="SeleniumLibrary">
<doc>Closes the current browser.</doc>
<status status="PASS" starttime="20210315 13:12:59.369" endtime="20210315 13:13:01.453"/>
</kw>
<doc>This is sime basic info about the test2</doc>
<tag>Smoke</tag>
<status status="PASS" starttime="20210315 13:12:47.387" endtime="20210315 13:13:01.453"/>
</test>
<doc>This is some Basic for the hole Suit</doc>
<status status="PASS" starttime="20210315 13:12:35.504" endtime="20210315 13:13:01.454"/>
</suite>
<statistics>
<total>
<stat pass="2" fail="0" skip="0">All Tests</stat>
</total>
<tag>
<stat pass="2" fail="0" skip="0">Smoke</stat>
</tag>
<suite>
<stat pass="2" fail="0" skip="0" id="s1" name="Amazon">Amazon</stat>
</suite>
</statistics>
<errors>
</errors>
</robot>
